2020-05-18 17:54:57.313  INFO 11152 --- [restartedMain] io.ao9.flow.api.user.UserApplication     : No active profile set, falling back to default profiles: default
2020-05-18 17:54:58.925  WARN 11152 --- [restartedMain] o.s.boot.actuate.endpoint.EndpointId     : Endpoint ID 'bus-env' contains invalid characters, please migrate to a valid format.
2020-05-18 17:54:59.395  INFO 11152 --- [restartedMain] .s.d.r.c.RepositoryConfigurationDelegate : Bootstrapping Spring Data JPA repositories in DEFAULT mode.
2020-05-18 17:54:59.651  INFO 11152 --- [restartedMain] .s.d.r.c.RepositoryConfigurationDelegate : Finished Spring Data repository scanning in 244ms. Found 1 JPA repository interfaces.
2020-05-18 17:54:59.753  WARN 11152 --- [restartedMain] o.s.boot.actuate.endpoint.EndpointId     : Endpoint ID 'bus-refresh' contains invalid characters, please migrate to a valid format.
2020-05-18 17:54:59.855  WARN 11152 --- [restartedMain] o.s.boot.actuate.endpoint.EndpointId     : Endpoint ID 'service-registry' contains invalid characters, please migrate to a valid format.
2020-05-18 17:54:59.876  WARN 11152 --- [restartedMain] o.s.boot.actuate.endpoint.EndpointId     : Endpoint ID 'hystrix.stream' contains invalid characters, please migrate to a valid format.
2020-05-18 17:55:00.160  INFO 11152 --- [restartedMain] o.s.cloud.context.scope.GenericScope     : BeanFactory id=9600d2fa-66f8-33f5-8c5f-62533e228d47
2020-05-18 17:55:00.401  INFO 11152 --- [restartedMain] faultConfiguringBeanFactoryPostProcessor : No bean named 'errorChannel' has been explicitly defined. Therefore, a default PublishSubscribeChannel will be created.
2020-05-18 17:55:00.408  INFO 11152 --- [restartedMain] faultConfiguringBeanFactoryPostProcessor : No bean named 'taskScheduler' has been explicitly defined. Therefore, a default ThreadPoolTaskScheduler will be created.
2020-05-18 17:55:00.412  INFO 11152 --- [restartedMain] faultConfiguringBeanFactoryPostProcessor : No bean named 'integrationHeaderChannelRegistry' has been explicitly defined. Therefore, a default DefaultHeaderChannelRegistry will be created.
2020-05-18 17:55:00.437  INFO 11152 --- [restartedMain] trationDelegate$BeanPostProcessorChecker : Bean 'io.ao9.flow.api.user.data.AlbumFeignClient' of type [org.springframework.cloud.openfeign.FeignClientFactoryBean] is not eligible for getting processed by all BeanPostProcessors (for example: not eligible for auto-proxying)
2020-05-18 17:55:00.745  INFO 11152 --- [restartedMain] trationDelegate$BeanPostProcessorChecker : Bean 'integrationChannelResolver' of type [org.springframework.integration.support.channel.BeanFactoryChannelResolver] is not eligible for getting processed by all BeanPostProcessors (for example: not eligible for auto-proxying)
2020-05-18 17:55:00.750  INFO 11152 --- [restartedMain] trationDelegate$BeanPostProcessorChecker : Bean 'integrationDisposableAutoCreatedBeans' of type [org.springframework.integration.config.annotation.Disposables] is not eligible for getting processed by all BeanPostProcessors (for example: not eligible for auto-proxying)
2020-05-18 17:55:00.779  INFO 11152 --- [restartedMain] trationDelegate$BeanPostProcessorChecker : Bean 'org.springframework.integration.config.IntegrationManagementConfiguration' of type [org.springframework.integration.config.IntegrationManagementConfiguration] is not eligible for getting processed by all BeanPostProcessors (for example: not eligible for auto-proxying)
2020-05-18 17:55:00.790  INFO 11152 --- [restartedMain] trationDelegate$BeanPostProcessorChecker : Bean 'org.springframework.boot.autoconfigure.integration.IntegrationAutoConfiguration$IntegrationJmxConfiguration' of type [org.springframework.boot.autoconfigure.integration.IntegrationAutoConfiguration$IntegrationJmxConfiguration] is not eligible for getting processed by all BeanPostProcessors (for example: not eligible for auto-proxying)
2020-05-18 17:55:00.804  INFO 11152 --- [restartedMain] trationDelegate$BeanPostProcessorChecker : Bean 'org.springframework.boot.autoconfigure.jmx.JmxAutoConfiguration' of type [org.springframework.boot.autoconfigure.jmx.JmxAutoConfiguration] is not eligible for getting processed by all BeanPostProcessors (for example: not eligible for auto-proxying)
2020-05-18 17:55:00.809  INFO 11152 --- [restartedMain] trationDelegate$BeanPostProcessorChecker : Bean 'mbeanServer' of type [com.sun.jmx.mbeanserver.JmxMBeanServer] is not eligible for getting processed by all BeanPostProcessors (for example: not eligible for auto-proxying)
2020-05-18 17:55:01.529  INFO 11152 --- [restartedMain] o.s.b.w.embedded.tomcat.TomcatWebServer  : Tomcat initialized with port(s): 0 (http)
2020-05-18 17:55:01.543  INFO 11152 --- [restartedMain] o.apache.catalina.core.StandardService   : Starting service [Tomcat]
2020-05-18 17:55:01.544  INFO 11152 --- [restartedMain] org.apache.catalina.core.StandardEngine  : Starting Servlet engine: [Apache Tomcat/9.0.33]
2020-05-18 17:55:01.905  INFO 11152 --- [restartedMain] o.a.c.c.C.[Tomcat].[localhost].[/]       : Initializing Spring embedded WebApplicationContext
2020-05-18 17:55:01.916  INFO 11152 --- [restartedMain] o.s.web.context.ContextLoader            : Root WebApplicationContext: initialization completed in 4573 ms
2020-05-18 17:55:02.037  WARN 11152 --- [restartedMain] c.n.c.sources.URLConfigurationSource     : No URLs will be polled as dynamic configuration sources.
2020-05-18 17:55:02.038  INFO 11152 --- [restartedMain] c.n.c.sources.URLConfigurationSource     : To enable URLs as dynamic configuration sources, define System property archaius.configurationSource.additionalUrls or make config.properties available on classpath.
2020-05-18 17:55:02.064  INFO 11152 --- [restartedMain] c.netflix.config.DynamicPropertyFactory  : DynamicPropertyFactory is initialized with configuration sources: com.netflix.config.ConcurrentCompositeConfiguration@54af1abf
2020-05-18 17:55:03.951  INFO 11152 --- [restartedMain] o.s.s.c.ThreadPoolTaskScheduler          : Initializing ExecutorService 'taskScheduler'
2020-05-18 17:55:04.507  INFO 11152 --- [restartedMain] o.hibernate.jpa.internal.util.LogHelper  : HHH000204: Processing PersistenceUnitInfo [name: default]
2020-05-18 17:55:04.618  INFO 11152 --- [restartedMain] org.hibernate.Version                    : HHH000412: Hibernate ORM core version 5.4.12.Final
2020-05-18 17:55:04.831  INFO 11152 --- [restartedMain] o.hibernate.annotations.common.Version   : HCANN000001: Hibernate Commons Annotations {5.1.0.Final}
2020-05-18 17:55:04.989  INFO 11152 --- [restartedMain] com.zaxxer.hikari.HikariDataSource       : HikariPool-1 - Starting...
2020-05-18 17:55:05.840  INFO 11152 --- [restartedMain] com.zaxxer.hikari.HikariDataSource       : HikariPool-1 - Start completed.
2020-05-18 17:55:05.858  INFO 11152 --- [restartedMain] org.hibernate.dialect.Dialect            : HHH000400: Using dialect: org.hibernate.dialect.MySQL55Dialect
2020-05-18 17:55:06.942  INFO 11152 --- [restartedMain] o.h.e.t.j.p.i.JtaPlatformInitiator       : HHH000490: Using JtaPlatform implementation: [org.hibernate.engine.transaction.jta.platform.internal.NoJtaPlatform]
2020-05-18 17:55:06.952  INFO 11152 --- [restartedMain] j.LocalContainerEntityManagerFactoryBean : Initialized JPA EntityManagerFactory for persistence unit 'default'
2020-05-18 17:55:06.994  WARN 11152 --- [restartedMain] o.s.b.d.a.OptionalLiveReloadServer       : Unable to start LiveReload server
2020-05-18 17:55:07.502  WARN 11152 --- [restartedMain] JpaBaseConfiguration$JpaWebConfiguration : spring.jpa.open-in-view is enabled by default. Therefore, database queries may be performed during view rendering. Explicitly configure spring.jpa.open-in-view to disable this warning
2020-05-18 17:55:07.738  WARN 11152 --- [restartedMain] c.n.c.sources.URLConfigurationSource     : No URLs will be polled as dynamic configuration sources.
2020-05-18 17:55:07.739  INFO 11152 --- [restartedMain] c.n.c.sources.URLConfigurationSource     : To enable URLs as dynamic configuration sources, define System property archaius.configurationSource.additionalUrls or make config.properties available on classpath.
2020-05-18 17:55:07.911  INFO 11152 --- [restartedMain] o.s.s.concurrent.ThreadPoolTaskExecutor  : Initializing ExecutorService 'applicationTaskExecutor'
2020-05-18 17:55:08.329  INFO 11152 --- [restartedMain] onConfiguration$FunctionBindingRegistrar : Functional binding is disabled due to the presense of @EnableBinding annotation in your configuration
2020-05-18 17:55:08.711  INFO 11152 --- [restartedMain] o.s.s.web.DefaultSecurityFilterChain     : Creating filter chain: any request, [org.springframework.security.web.context.request.async.WebAsyncManagerIntegrationFilter@447abadf, org.springframework.security.web.context.SecurityContextPersistenceFilter@746c1d7d, org.springframework.security.web.header.HeaderWriterFilter@43409352, org.springframework.security.web.authentication.logout.LogoutFilter@501b086d, io.ao9.flow.api.user.security.AuthenticationFilter@536d2468, org.springframework.security.web.savedrequest.RequestCacheAwareFilter@1feb4763, org.springframework.security.web.servletapi.SecurityContextHolderAwareRequestFilter@708a132f, org.springframework.security.web.authentication.AnonymousAuthenticationFilter@b17d2e6, org.springframework.security.web.session.SessionManagementFilter@7325b49d, org.springframework.security.web.access.ExceptionTranslationFilter@17271400, org.springframework.security.web.access.intercept.FilterSecurityInterceptor@644bec19]
2020-05-18 17:55:09.415  WARN 11152 --- [restartedMain] ockingLoadBalancerClientRibbonWarnLogger : You already have RibbonLoadBalancerClient on your classpath. It will be used by default. As Spring Cloud Ribbon is in maintenance mode. We recommend switching to BlockingLoadBalancerClient instead. In order to use it, set the value of `spring.cloud.loadbalancer.ribbon.enabled` to `false` or remove spring-cloud-starter-netflix-ribbon from your project.
2020-05-18 17:55:09.484  INFO 11152 --- [restartedMain] o.s.b.a.e.web.EndpointLinksResolver      : Exposing 2 endpoint(s) beneath base path '/actuator'
2020-05-18 17:55:09.618  INFO 11152 --- [restartedMain] o.s.c.s.m.DirectWithAttributesChannel    : Channel 'user-api-1.springCloudBusInput' has 1 subscriber(s).
2020-05-18 17:55:09.796  INFO 11152 --- [restartedMain] o.s.i.monitor.IntegrationMBeanExporter   : Registering MessageChannel errorChannel
2020-05-18 17:55:09.868  INFO 11152 --- [restartedMain] o.s.i.monitor.IntegrationMBeanExporter   : Registering MessageChannel nullChannel
2020-05-18 17:55:09.901  INFO 11152 --- [restartedMain] o.s.i.monitor.IntegrationMBeanExporter   : Registering MessageChannel springCloudBusInput
2020-05-18 17:55:09.961  INFO 11152 --- [restartedMain] o.s.i.monitor.IntegrationMBeanExporter   : Registering MessageChannel springCloudBusOutput
2020-05-18 17:55:09.982  INFO 11152 --- [restartedMain] o.s.i.monitor.IntegrationMBeanExporter   : Registering MessageHandler org.springframework.cloud.stream.binding.StreamListenerMessageHandler@76b4e5e
2020-05-18 17:55:10.035  INFO 11152 --- [restartedMain] o.s.i.monitor.IntegrationMBeanExporter   : Registering MessageHandler errorLogger
2020-05-18 17:55:10.110  INFO 11152 --- [restartedMain] o.s.i.endpoint.EventDrivenConsumer       : Adding {logging-channel-adapter:_org.springframework.integration.errorLogger} as a subscriber to the 'errorChannel' channel
2020-05-18 17:55:10.111  INFO 11152 --- [restartedMain] o.s.i.channel.PublishSubscribeChannel    : Channel 'user-api-1.errorChannel' has 1 subscriber(s).
2020-05-18 17:55:10.111  INFO 11152 --- [restartedMain] o.s.i.endpoint.EventDrivenConsumer       : started bean '_org.springframework.integration.errorLogger'
2020-05-18 17:55:11.059  INFO 11152 --- [restartedMain] c.c.c.ConfigServicePropertySourceLocator : Fetching config from server at : http://localhost:8012
2020-05-18 17:55:11.713  INFO 11152 --- [restartedMain] c.c.c.ConfigServicePropertySourceLocator : Located environment: name=user-api, profiles=[default], label=null, version=null, state=null
2020-05-18 17:55:11.713  INFO 11152 --- [restartedMain] b.c.PropertySourceBootstrapConfiguration : Located property source: [BootstrapPropertySource {name='bootstrapProperties-file:../config-repo/user-api.properties'}, BootstrapPropertySource {name='bootstrapProperties-file:../config-repo/application.properties'}]
2020-05-18 17:55:11.964  INFO 11152 --- [restartedMain] o.s.a.r.c.CachingConnectionFactory       : Attempting to connect to: [localhost:5672]
2020-05-18 17:55:12.056  INFO 11152 --- [restartedMain] o.s.a.r.c.CachingConnectionFactory       : Created new connection: rabbitConnectionFactory#2c563709:0/SimpleConnection@69bd8a6c [delegate=amqp://test@127.0.0.1:5672/, localPort= 50684]
2020-05-18 17:55:12.091  INFO 11152 --- [restartedMain] o.s.c.s.m.DirectWithAttributesChannel    : Channel 'user-api-1.springCloudBusOutput' has 1 subscriber(s).
2020-05-18 17:55:12.143  INFO 11152 --- [restartedMain] c.s.b.r.p.RabbitExchangeQueueProvisioner : declaring queue for inbound: springCloudBus.anonymous.78GlaLTyQMOnvRhDILjKnQ, bound to: springCloudBus
2020-05-18 17:55:12.164  INFO 11152 --- [restartedMain] o.s.c.stream.binder.BinderErrorChannel   : Channel 'springCloudBus.anonymous.78GlaLTyQMOnvRhDILjKnQ.errors' has 1 subscriber(s).
2020-05-18 17:55:12.164  INFO 11152 --- [restartedMain] o.s.c.stream.binder.BinderErrorChannel   : Channel 'springCloudBus.anonymous.78GlaLTyQMOnvRhDILjKnQ.errors' has 2 subscriber(s).
2020-05-18 17:55:12.184  INFO 11152 --- [restartedMain] o.s.i.a.i.AmqpInboundChannelAdapter      : started bean 'inbound.springCloudBus.anonymous.78GlaLTyQMOnvRhDILjKnQ'
2020-05-18 17:55:12.191  INFO 11152 --- [restartedMain] o.s.i.monitor.IntegrationMBeanExporter   : Registering MessageChannel springCloudBus.anonymous.78GlaLTyQMOnvRhDILjKnQ.errors
2020-05-18 17:55:12.334  INFO 11152 --- [restartedMain] o.s.b.w.embedded.tomcat.TomcatWebServer  : Tomcat started on port(s): 50685 (http) with context path ''
2020-05-18 17:55:12.334  INFO 11152 --- [restartedMain] .s.c.n.e.s.EurekaAutoServiceRegistration : Updating port to 50685
2020-05-18 17:55:12.348  INFO 11152 --- [restartedMain] o.s.c.n.eureka.InstanceInfoFactory       : Setting initial instance status as: STARTING
2020-05-18 17:55:12.385  INFO 11152 --- [restartedMain] com.netflix.discovery.DiscoveryClient    : Initializing Eureka in region us-east-1
2020-05-18 17:55:12.467  INFO 11152 --- [restartedMain] c.n.d.provider.DiscoveryJerseyProvider   : Using JSON encoding codec LegacyJacksonJson
2020-05-18 17:55:12.468  INFO 11152 --- [restartedMain] c.n.d.provider.DiscoveryJerseyProvider   : Using JSON decoding codec LegacyJacksonJson
2020-05-18 17:55:12.644  INFO 11152 --- [restartedMain] c.n.d.provider.DiscoveryJerseyProvider   : Using XML encoding codec XStreamXml
2020-05-18 17:55:12.644  INFO 11152 --- [restartedMain] c.n.d.provider.DiscoveryJerseyProvider   : Using XML decoding codec XStreamXml
2020-05-18 17:55:12.846  INFO 11152 --- [restartedMain] c.n.d.s.r.aws.ConfigClusterResolver      : Resolving eureka endpoints via configuration
2020-05-18 17:55:13.269  INFO 11152 --- [restartedMain] com.netflix.discovery.DiscoveryClient    : Disable delta property : false
2020-05-18 17:55:13.269  INFO 11152 --- [restartedMain] com.netflix.discovery.DiscoveryClient    : Single vip registry refresh property : null
2020-05-18 17:55:13.269  INFO 11152 --- [restartedMain] com.netflix.discovery.DiscoveryClient    : Force full registry fetch : false
2020-05-18 17:55:13.269  INFO 11152 --- [restartedMain] com.netflix.discovery.DiscoveryClient    : Application is null : false
2020-05-18 17:55:13.269  INFO 11152 --- [restartedMain] com.netflix.discovery.DiscoveryClient    : Registered Applications size is zero : true
2020-05-18 17:55:13.269  INFO 11152 --- [restartedMain] com.netflix.discovery.DiscoveryClient    : Application version is -1: true
2020-05-18 17:55:13.277  INFO 11152 --- [restartedMain] com.netflix.discovery.DiscoveryClient    : Getting all instance registry info from the eureka server
2020-05-18 17:55:13.510  INFO 11152 --- [restartedMain] com.netflix.discovery.DiscoveryClient    : The response status is 200
2020-05-18 17:55:13.525  INFO 11152 --- [restartedMain] com.netflix.discovery.DiscoveryClient    : Starting heartbeat executor: renew interval is: 15
2020-05-18 17:55:13.529  INFO 11152 --- [restartedMain] c.n.discovery.InstanceInfoReplicator     : InstanceInfoReplicator onDemand update allowed rate per min is 4
2020-05-18 17:55:13.533  INFO 11152 --- [restartedMain] com.netflix.discovery.DiscoveryClient    : Discovery Client initialized at timestamp 1589838913533 with initial instances count: 1
2020-05-18 17:55:13.538  INFO 11152 --- [restartedMain] o.s.c.n.e.s.EurekaServiceRegistry        : Registering application USER-API with eureka with status UP
2020-05-18 17:55:13.538  INFO 11152 --- [restartedMain] com.netflix.discovery.DiscoveryClient    : Saw local status change event StatusChangeEvent [timestamp=1589838913538, current=UP, previous=STARTING]
2020-05-18 17:55:13.550  INFO 11152 --- [DiscoveryClient-InstanceInfoReplicator-0] com.netflix.discovery.DiscoveryClient    : DiscoveryClient_USER-API/user-api:3f589c32e0290284ecb28dc699e577fa: registering service...
2020-05-18 17:55:13.602  INFO 11152 --- [DiscoveryClient-InstanceInfoReplicator-0] com.netflix.discovery.DiscoveryClient    : DiscoveryClient_USER-API/user-api:3f589c32e0290284ecb28dc699e577fa - registration status: 204
2020-05-18 17:55:14.142  INFO 11152 --- [restartedMain] io.ao9.flow.api.user.UserApplication     : Started UserApplication in 20.253 seconds (JVM running for 22.259)
